make all --print-data-base --no-builtin-variables --no-builtin-rules --question
Makefile:95: *** mixed implicit and normal rules: deprecated syntax

Makefile:113: *** mixed implicit and normal rules: deprecated syntax
Makefile:114: warning: overriding recipe for target '/%.o'
Makefile:96: warning: ignoring old recipe for target '/%.o'
Makefile:127: *** mixed implicit and normal rules: deprecated syntax
Makefile:128: warning: overriding recipe for target '/%.o'
Makefile:114: warning: ignoring old recipe for target '/%.o'

make -C libft 
 
# make[1]: Entering directory '/home/samoore/minishell/libft'
# GNU Make 4.3
# Built for x86_64-pc-linux-gnu
# Copyright (C) 1988-2020 Free Software Foundation, Inc.
# License GPLv3+: GNU GPL version 3 or later <http://gnu.org/licenses/gpl.html>
# This is free software: you are free to change and redistribute it.
# There is NO WARRANTY, to the extent permitted by law.

# Make data base, printed on Wed Apr 10 17:01:52 2024

# Variables

# environment
GDK_BACKEND = x11
# environment
LC_ALL = C
# environment
SSH_AGENT_LAUNCHER = gnome-keyring
# environment
VSCODE_CRASH_REPORTER_PROCESS_TYPE = extensionHost
# environment
VSCODE_CWD = /home/samoore/minishell
# environment
LIBVIRT_DEFAULT_URI = qemu:///system
# environment
GDM_LANG = en
# default
MAKE_COMMAND := make
# environment
QT_ACCESSIBILITY = 1
# automatic
@D = $(patsubst %/,%,$(dir $@))
# environment
VSCODE_HANDLES_UNCAUGHT_ERRORS = true
# default
.VARIABLES := 
# environment
PWD = /home/samoore/minishell
# automatic
%D = $(patsubst %/,%,$(dir $%))
# environment
MAIL = samoore@student.42london.com
# environment
XDG_DATA_DIRS = /usr/share/ubuntu:/usr/share/gnome:/usr/local/share:/usr/share:/var/lib/snapd/desktop
# environment
OLDPWD = /home/samoore
# automatic
^D = $(patsubst %/,%,$(dir $^))
# automatic
%F = $(notdir $%)
# environment
VSCODE_CODE_CACHE_PATH = /home/samoore/.config/Code/CachedData/1e790d77f81672c49be070e04474901747115651
# environment
XDG_SESSION_PATH = /org/freedesktop/DisplayManager/Session6
# environment
LANG = C
# environment
XAUTHORITY = /home/samoore/.Xauthority
# default
.LOADED := 
# default
.INCLUDE_DIRS = /usr/local/include /usr/include /usr/include
# environment
GNOME_TERMINAL_SERVICE = :1.89
# makefile
MAKEFLAGS = pqrRw
# makefile (from 'Makefile', line 16)
BONUS = ft_lstnew.c ft_lstadd_front.c ft_lstsize.c ft_lstlast.c ft_lstadd_back.c ft_lstdelone.c ft_lstclear.c ft_lstiter.c ft_lstmap.c
# makefile
CURDIR := /home/samoore/minishell/libft
# environment
APPLICATION_INSIGHTS_NO_DIAGNOSTIC_CHANNEL = 1
# makefile (from 'Makefile', line 13)
SRCS = $(wildcard *.c)
# environment
VSCODE_L10N_BUNDLE_LOCATION = 
# automatic
*D = $(patsubst %/,%,$(dir $*))
# environment
MFLAGS = -pqrRw
# environment
SSH_AUTH_SOCK = /run/user/101194/keyring/ssh
# default
.SHELLFLAGS := -c
# environment
XDG_CONFIG_DIRS = /etc/xdg/xdg-ubuntu:/etc/xdg
# automatic
+D = $(patsubst %/,%,$(dir $+))
# environment
XDG_SESSION_DESKTOP = ubuntu
# makefile (from 'Makefile', line 1)
MAKEFILE_LIST := Makefile
# automatic
@F = $(notdir $@)
# environment
VSCODE_PID = 1268944
# environment
KRB5CCNAME = FILE:/tmp/krb5cc_101194_CtY4zz
# environment
XDG_SESSION_TYPE = x11
# automatic
?D = $(patsubst %/,%,$(dir $?))
# environment
SESSION_MANAGER = local/c1r4s5.42london.com:@/tmp/.ICE-unix/1265941,unix/c1r4s5.42london.com:/tmp/.ICE-unix/1265941
# automatic
*F = $(notdir $*)
# environment
CHROME_DESKTOP = code-url-handler.desktop
# environment
DBUS_SESSION_BUS_ADDRESS = unix:path=/run/user/101194/bus
# automatic
<D = $(patsubst %/,%,$(dir $<))
# environment
VSCODE_NLS_CONFIG = {"locale":"en-us","osLocale":"en","availableLanguages":{},"_languagePackSupport":true}
# default
MAKE_HOST := x86_64-pc-linux-gnu
# makefile (from 'Makefile', line 14)
OBJS = $(SRCS:.c=.o)
# environment
GNOME_DESKTOP_SESSION_ID = this-is-deprecated
# makefile
SHELL = /bin/sh
# environment
XMODIFIERS = @im=ibus
# environment
SHLVL = 3
# environment
GNOME_TERMINAL_SCREEN = /org/gnome/Terminal/screen/e69b84d5_f191_4c39_acab_083beb6c8378
# environment
MAKELEVEL := 1
# default
 
make[1]: *** No rule to make target 'ft_abs.o', needed by 'libft.a'.  Stop.

MAKE = $(MAKE_COMMAND)
# environment
PATH = /home/samoore/bin:/usr/local/sbin:/usr/local/bin:/usr/sbin:/usr/bin:/sbin:/bin:/usr/games:/usr/local/games:/snap/bin
# default
MAKEFILES := 
# environment
LANGUAGE = en
# automatic
^F = $(notdir $^)
# environment
DOCKER_HOST = unix:///run/user/101194/docker.sock
# automatic
?F = $(notdir $?)
# makefile (from 'Makefile', line 24)
NAME = libft.a
# environment
GTK_IM_MODULE = ibus
# environment
XDG_CURRENT_DESKTOP = Unity
# automatic
+F = $(notdir $+)
# environment
XDG_SEAT_PATH = /org/freedesktop/DisplayManager/Seat0
# environment
DESKTOP_SESSION = ubuntu
# environment
ORIGINAL_XDG_CURRENT_DESKTOP = ubuntu:GNOME
# 'override' directive
GNUMAKEFLAGS := 
# environment
LOGNAME = samoore
# makefile
.DEFAULT_GOAL := all
# environment
SYSTEMD_EXEC_PID = 1265964
# makefile (from 'Makefile', line 21)
RM = rm -f
# environment
DISPLAY = :0
# environment
USER = samoore
# environment
GTK_MODULES = gail:atk-bridge
# default
MAKE_VERSION := 4.3
# environment
_ = /usr/bin/code
# environment
XDG_RUNTIME_DIR = /run/user/101194
# makefile (from 'Makefile', line 22)
CFLAGS = -Wall -Wextra -Werror
# environment
GPG_AGENT_INFO = /run/user/101194/gnupg/S.gpg-agent:0:1
# environment
COLORTERM = truecolor
# environment
XDG_SESSION_CLASS = user
# environment
VSCODE_AMD_ENTRYPOINT = vs/workbench/api/node/extensionHostProcess
# environment
HOME = /home/samoore
# environment
QT_IM_MODULE = ibus
# environment
ELECTRON_RUN_AS_NODE = 1
# environment
VSCODE_IPC_HOOK = /run/user/101194/vscode-b09c1acb-1.87-main.sock
# environment
TERM = xterm-256color
# environment
FT_HOOK_PATHNAME = login-user.d
# default
.RECIPEPREFIX := 
# automatic
<F = $(notdir $<)
# default
SUFFIXES := 
# environment
VSCODE_CLI = 1
# environment
FT_HOOK_NAME = login-user
# environment
ELECTRON_NO_ATTACH_CONSOLE = 1
# environment
VTE_VERSION = 6800
# environment
XDG_GREETER_DATA_DIR = /var/lib/lightdm-data/samoore
# default
.FEATURES := target-specific order-only second-expansion else-if shortest-stem undefine oneshell nocomment grouped-target extra-prereqs archives jobserver output-sync check-symlink load
# makefile (from 'Makefile', line 20)
CC = gcc
# environment
XDG_MENU_PREFIX = gnome-
# makefile (from 'Makefile', line 18)
BONUS_OBJS = $(BONUS:.c=.o)
# environment
GDMSESSION = ubuntu
# variable set hash-table stats:
# Load=108/1024=11%, Rehash=0, Collisions=17/149=11%

# Pattern-specific Variable Values

# No pattern-specific variable values.

# Directories

# . (device 2048, inode 96647): 70 files, no impossibilities.

# 70 files, no impossibilities in 1 directories.

# Implicit Rules

# No implicit rules.

# Files

# Not a target:
ft_isalpha.o:
#  Implicit rule search has not been done.
#  Modification time never checked.
#  File has not been updated.

# Not a target:
ft_max.o:
#  Implicit rule search has not been done.
#  Modification time never checked.
#  File has not been updated.

# Not a target:
ft_putnchar.o:
#  Implicit rule search has not been done.
#  Modification time never checked.
#  File has not been updated.

# Not a target:
ft_strchr.o:
#  Implicit rule search has not been done.
#  Modification time never checked.
#  File has not been updated.

# Not a target:
ft_putstr_fd.o:
#  Implicit rule search has not been done.
#  Modification time never checked.
#  File has not been updated.

# Not a target:
ft_isprint.o:
#  Implicit rule search has not been done.
#  Modification time never checked.
#  File has not been updated.

libft.a: ft_abs.o ft_atoi.o ft_atoi_base.o ft_atol.o ft_atoll.o ft_bzero.o ft_calloc.o ft_count_words.o ft_duplicates_found.o ft_isalnum.o ft_isalpha.o ft_isascii.o ft_isdigit.o ft_isnumber.o ft_isprint.o ft_issign.o ft_isspace.o ft_iszero.o ft_itoa.o ft_lstadd_back.o ft_lstadd_front.o ft_lstclear.o ft_lstdelone.o ft_lstiter.o ft_lstlast.o ft_lstmap.o ft_lstnew.o ft_lstsize.o ft_max.o ft_memchr.o ft_memcmp.o ft_memcpy.o ft_memmove.o ft_memset.o ft_nbr_strcmp.o ft_putchar.o ft_putchar_fd.o ft_putendl_fd.o ft_putnbr_fd.o ft_putnchar.o ft_putnstr.o ft_putstr.o ft_putstr_fd.o ft_realloc.o ft_round.o ft_split.o ft_strchr.o ft_strcmp.o ft_strdup.o ft_strisempty.o ft_strisspace_only.o ft_striteri.o ft_strjoin.o ft_strlcat.o ft_strlcpy.o ft_strlen.o ft_strmapi.o ft_strncmp.o ft_strnstr.o ft_strrchr.o ft_strtrim.o ft_substr.o ft_swap.o ft_tolower.o ft_toupper.o get_next_line.o
#  Implicit rule search has not been done.
#  File does not exist.
#  File has not been updated.
#  recipe to execute (from 'Makefile', line 29):
				ar rcs $(NAME) $(OBJS)

# Not a target:
ft_lstmap.o:
#  Implicit rule search has not been done.
#  Modification time never checked.
#  File has not been updated.

# Not a target:
ft_strcmp.o:
#  Implicit rule search has not been done.
#  Modification time never checked.
#  File has not been updated.

# Not a target:
ft_atoll.o:
#  Implicit rule search has not been done.
#  Modification time never checked.
#  File has not been updated.

# Not a target:
get_next_line.o:
 
#  Implicit rule search has not been done.
#  Modification time never checked.
#  File has not been updated.

# Not a target:
ft_toupper.o:
#  Implicit rule search has not been done.
#  Modification time never checked.
#  File has not been updated.

# Not a target:
ft_isalnum.o:
#  Implicit rule search has not been done.
#  Modification time never checked.
#  File has not been updated.

# Not a target:
ft_iszero.o:
#  Implicit rule search has not been done.
#  Modification time never checked.
#  File has not been updated.

# Not a target:
ft_putendl_fd.o:
#  Implicit rule search has not been done.
#  Modification time never checked.
#  File has not been updated.

# Not a target:
ft_strisspace_only.o:
#  Implicit rule search has not been done.
#  Modification time never checked.
#  File has not been updated.

# Not a target:
ft_duplicates_found.o:
#  Implicit rule search has not been done.
#  Modification time never checked.
#  File has not been updated.

# Not a target:
ft_lstsize.o:
#  Implicit rule search has not been done.
#  Modification time never checked.
#  File has not been updated.

# Not a target:
ft_striteri.o:
#  Implicit rule search has not been done.
#  Modification time never checked.
#  File has not been updated.

# Not a target:
Makefile:
#  Implicit rule search has been done.
#  Last modified 2024-04-10 16:59:56.410505246
#  File has been updated.
#  Successfully updated.

# Not a target:
ft_strlen.o:
#  Implicit rule search has not been done.
#  Modification time never checked.
#  File has not been updated.

# Not a target:
ft_strnstr.o:
#  Implicit rule search has not been done.
#  Modification time never checked.
#  File has not been updated.

# Not a target:
ft_strmapi.o:
#  Implicit rule search has not been done.
#  Modification time never checked.
#  File has not been updated.

# Not a target:
ft_isspace.o:
#  Implicit rule search has not been done.
#  Modification time never checked.
#  File has not been updated.

# Not a target:
ft_lstiter.o:
#  Implicit rule search has not been done.
#  Modification time never checked.
#  File has not been updated.

# Not a target:
ft_strdup.o:
#  Implicit rule search has not been done.
#  Modification time never checked.
#  File has not been updated.

# Not a target:
ft_lstadd_back.o:
#  Implicit rule search has not been done.
#  Modification time never checked.
#  File has not been updated.

# Not a target:
ft_lstadd_front.o:
#  Implicit rule search has not been done.
#  Modification time never checked.
#  File has not been updated.

bonus: ft_abs.o ft_atoi.o ft_atoi_base.o ft_atol.o ft_atoll.o ft_bzero.o ft_calloc.o ft_count_words.o ft_duplicates_found.o ft_isalnum.o ft_isalpha.o ft_isascii.o ft_isdigit.o ft_isnumber.o ft_isprint.o ft_issign.o ft_isspace.o ft_iszero.o ft_itoa.o ft_lstadd_back.o ft_lstadd_front.o ft_lstclear.o ft_lstdelone.o ft_lstiter.o ft_lstlast.o ft_lstmap.o ft_lstnew.o ft_lstsize.o ft_max.o ft_memchr.o ft_memcmp.o ft_memcpy.o ft_memmove.o ft_memset.o ft_nbr_strcmp.o ft_putchar.o ft_putchar_fd.o ft_putendl_fd.o ft_putnbr_fd.o ft_putnchar.o ft_putnstr.o ft_putstr.o ft_putstr_fd.o ft_realloc.o ft_round.o ft_split.o ft_strchr.o ft_strcmp.o ft_strdup.o ft_strisempty.o ft_strisspace_only.o ft_striteri.o ft_strjoin.o ft_strlcat.o ft_strlcpy.o ft_strlen.o ft_strmapi.o ft_strncmp.o ft_strnstr.o ft_strrchr.o ft_strtrim.o ft_substr.o ft_swap.o ft_tolower.o ft_toupper.o get_next_line.o ft_lstnew.o ft_lstadd_front.o ft_lstsize.o ft_lstlast.o ft_lstadd_back.o ft_lstdelone.o ft_lstclear.o ft_lstiter.o ft_lstmap.o
#  Phony target (prerequisite of .PHONY).
#  Implicit rule search has not been done.
#  File does not exist.
#  File has not been updated.
#  recipe to execute (from 'Makefile', line 40):
				ar rcs $(NAME) $(OBJS) $(BONUS_OBJS)

# Not a target:
ft_realloc.o:
#  Implicit rule search has not been done.
#  Modification time never checked.
 
#  File has not been updated.

# Not a target:
ft_lstclear.o:
#  Implicit rule search has not been done.
#  Modification time never checked.
#  File has not been updated.

# Not a target:
ft_putchar.o:
#  Implicit rule search has not been done.
#  Modification time never checked.
#  File has not been updated.

clean:
#  Phony target (prerequisite of .PHONY).
#  Implicit rule search has not been done.
#  File does not exist.
#  File has not been updated.
#  recipe to execute (from 'Makefile', line 32):
				$(RM) $(OBJS) $(BONUS_OBJS)

# Not a target:
ft_itoa.o:
#  Implicit rule search has not been done.
#  Modification time never checked.
#  File has not been updated.

# Not a target:
ft_memset.o:
#  Implicit rule search has not been done.
#  Modification time never checked.
#  File has not been updated.

# Not a target:
ft_issign.o:
#  Implicit rule search has not been done.
#  Modification time never checked.
#  File has not been updated.

# Not a target:
ft_isascii.o:
#  Implicit rule search has not been done.
#  Modification time never checked.
#  File has not been updated.

# Not a target:
ft_memcpy.o:
#  Implicit rule search has not been done.
#  Modification time never checked.
#  File has not been updated.

# Not a target:
ft_putnstr.o:
#  Implicit rule search has not been done.
#  Modification time never checked.
#  File has not been updated.

# Not a target:
ft_strtrim.o:
#  Implicit rule search has not been done.
#  Modification time never checked.
#  File has not been updated.

# Not a target:
ft_lstnew.o:
#  Implicit rule search has not been done.
#  Modification time never checked.
#  File has not been updated.

re: fclean libft.a
#  Phony target (prerequisite of .PHONY).
#  Implicit rule search has not been done.
#  File does not exist.
#  File has not been updated.

# Not a target:
ft_bzero.o:
#  Implicit rule search has not been done.
#  Modification time never checked.
#  File has not been updated.

# Not a target:
ft_isdigit.o:
#  Implicit rule search has not been done.
#  Modification time never checked.
#  File has not been updated.

# Not a target:
ft_putnbr_fd.o:
#  Implicit rule search has not been done.
#  Modification time never checked.
#  File has not been updated.

# Not a target:
ft_strisempty.o:
#  Implicit rule search has not been done.
#  Modification time never checked.
#  File has not been updated.

# Not a target:
ft_round.o:
#  Implicit rule search has not been done.
#  Modification time never checked.
#  File has not been updated.

# Not a target:
ft_strjoin.o:
#  Implicit rule search has not been done.
#  Modification time never checked.
#  File has not been updated.

# Not a target:
ft_strlcat.o:
#  Implicit rule search has not been done.
#  Modification time never checked.
#  File has not been updated.

# Not a target:
ft_abs.o:
#  Implicit rule search has been done.
#  File does not exist.
 
#  File has not been updated.

# Not a target:
ft_nbr_strcmp.o:
#  Implicit rule search has not been done.
#  Modification time never checked.
#  File has not been updated.

# Not a target:
.DEFAULT:
#  Implicit rule search has not been done.
#  Modification time never checked.
#  File has not been updated.

# Not a target:
ft_atol.o:
#  Implicit rule search has not been done.
#  Modification time never checked.
#  File has not been updated.

all: libft.a
#  Phony target (prerequisite of .PHONY).
#  Implicit rule search has not been done.
#  File does not exist.
#  File has not been updated.

fclean: clean
#  Phony target (prerequisite of .PHONY).
#  Implicit rule search has not been done.
#  File does not exist.
#  File has not been updated.
#  recipe to execute (from 'Makefile', line 35):
				$(RM) $(NAME)

# Not a target:
ft_count_words.o:
#  Implicit rule search has not been done.
#  Modification time never checked.
#  File has not been updated.

# Not a target:
ft_memmove.o:
#  Implicit rule search has not been done.
#  Modification time never checked.
#  File has not been updated.

# Not a target:
ft_atoi.o:
#  Implicit rule search has not been done.
#  Modification time never checked.
#  File has not been updated.

# Not a target:
ft_strlcpy.o:
#  Implicit rule search has not been done.
#  Modification time never checked.
#  File has not been updated.

# Not a target:
ft_calloc.o:
#  Implicit rule search has not been done.
#  Modification time never checked.
#  File has not been updated.

# Not a target:
ft_putstr.o:
#  Implicit rule search has not been done.
#  Modification time never checked.
#  File has not been updated.

# Not a target:
ft_split.o:
#  Implicit rule search has not been done.
#  Modification time never checked.
#  File has not been updated.

# Not a target:
ft_memcmp.o:
#  Implicit rule search has not been done.
#  Modification time never checked.
#  File has not been updated.

# Not a target:
ft_lstdelone.o:
#  Implicit rule search has not been done.
#  Modification time never checked.
#  File has not been updated.

# Not a target:
ft_atoi_base.o:
#  Implicit rule search has not been done.
#  Modification time never checked.
#  File has not been updated.

# Not a target:
ft_substr.o:
#  Implicit rule search has not been done.
#  Modification time never checked.
#  File has not been updated.

# Not a target:
ft_strrchr.o:
#  Implicit rule search has not been done.
#  Modification time never checked.
#  File has not been updated.

# Not a target:
ft_strncmp.o:
#  Implicit rule search has not been done.
#  Modification time never checked.
#  File has not been updated.

# Not a target:
ft_putchar_fd.o:
#  Implicit rule search has not been done.
#  Modification time never checked.
#  File has not been updated.

# Not a target:
ft_swap.o:
#  Implicit rule search has not been done.
#  Modification time never checked.
#  File has not been updated.

.PHONY: all clean fclean re bonus
#  Implicit rule search has not been done.
#  Modification time never checked.
#  File has not been updated.

# Not a target:
ft_lstlast.o:
#  Implicit rule search has not been done.
#  Modification time never checked.
#  File has not been updated.

# Not a target:
ft_isnumber.o:
#  Implicit rule search has not been done.
#  Modification time never checked.
#  File has not been updated.

# Not a target:
ft_tolower.o:
#  Implicit rule search has not been done.
#  Modification time never checked.
#  File has not been updated.

# Not a target:
ft_memchr.o:
#  Implicit rule search has not been done.
#  Modification time never checked.
#  File has not been updated.

# files hash-table stats:
 
# Load=76/1024=7%, Rehash=0, Collisions=15/238=6%
# VPATH Search Paths

# No 'vpath' search paths.

# No general ('VPATH' variable) search path.

# strcache buffers: 1 (0) / strings = 148 / storage = 1864 B / avg = 12 B
# current buf: size = 8162 B / used = 1864 B / count = 148 / avg = 12 B

# strcache performance: lookups = 242 / hit rate = 38%
# hash-table stats:
# Load=148/8192=2%, Rehash=0, Collisions=6/242=2%
# Finished Make data base on Wed Apr 10 17:01:52 2024

# make[1]: Leaving directory '/home/samoore/minishell/libft'
 
make: *** [Makefile:83: /libft.a] Error 2

# GNU Make 4.3
# Built for x86_64-pc-linux-gnu
# Copyright (C) 1988-2020 Free Software Foundation, Inc.
# License GPLv3+: GNU GPL version 3 or later <http://gnu.org/licenses/gpl.html>
# This is free software: you are free to change and redistribute it.
# There is NO WARRANTY, to the extent permitted by law.

# Make data base, printed on Wed Apr 10 17:01:52 2024
 

# Variables

# environment
GDK_BACKEND = x11
# environment
LC_ALL = C
# environment
SSH_AGENT_LAUNCHER = gnome-keyring
# makefile (from 'Makefile', line 71)
SRC_CORE_DIR = src/core 
# makefile (from 'Makefile', line 63)
LIBMINISHELL = libminishell.a
# environment
VSCODE_CRASH_REPORTER_PROCESS_TYPE = extensionHost
# environment
VSCODE_CWD = /home/samoore/minishell
# environment
LIBVIRT_DEFAULT_URI = qemu:///system
# environment
GDM_LANG = en
# default
MAKE_COMMAND := make
# environment
QT_ACCESSIBILITY = 1
# automatic
@D = $(patsubst %/,%,$(dir $@))
# environment
VSCODE_HANDLES_UNCAUGHT_ERRORS = true
# default
.VARIABLES := 
# environment
PWD = /home/samoore/minishell
# automatic
%D = $(patsubst %/,%,$(dir $%))
# environment
MAIL = samoore@student.42london.com
# environment
XDG_DATA_DIRS = /usr/share/ubuntu:/usr/share/gnome:/usr/local/share:/usr/share:/var/lib/snapd/desktop
# environment
OLDPWD = /home/samoore
# automatic
^D = $(patsubst %/,%,$(dir $^))
# automatic
%F = $(notdir $%)
# makefile (from 'Makefile', line 73)
SRC_MANDATORY_DIR = src/mandatory 
# environment
VSCODE_CODE_CACHE_PATH = /home/samoore/.config/Code/CachedData/1e790d77f81672c49be070e04474901747115651
# environment
XDG_SESSION_PATH = /org/freedesktop/DisplayManager/Session6
# makefile (from 'Makefile', line 62)
LIBFT = $(LIBFT_DIR)/libft.a
# environment
LANG = C
# makefile (from 'Makefile', line 110)
OBJ_MANDATORY = $(SRC_MANDATORY:$(SRC_MANDATORY_DIR)/%.c=$(OBJ_MANDATORY_DIR)/%.o)
# environment
XAUTHORITY = /home/samoore/.Xauthority
# default
.LOADED := 
# default
.INCLUDE_DIRS = /usr/local/include /usr/include /usr/include
# environment
GNOME_TERMINAL_SERVICE = :1.89
# makefile
MAKEFLAGS = pqrR
# makefile (from 'Makefile', line 42)
BLUE = \033[0;34m
# makefile
CURDIR := /home/samoore/minishell
# environment
APPLICATION_INSIGHTS_NO_DIAGNOSTIC_CHANNEL = 1
 
# environment
VSCODE_L10N_BUNDLE_LOCATION = 
# automatic
*D = $(patsubst %/,%,$(dir $*))
# makefile (from 'Makefile', line 72)
OBJ_CORE_DIR = obj/core 
# makefile (from 'Makefile', line 75)
SRC_BONUS_DIR = src/bonus 
# environment
MFLAGS = -pqrR
# environment
SSH_AUTH_SOCK = /run/user/101194/keyring/ssh
# default
.SHELLFLAGS := -c
# environment
XDG_CONFIG_DIRS = /etc/xdg/xdg-ubuntu:/etc/xdg
# automatic
+D = $(patsubst %/,%,$(dir $+))
# environment
XDG_SESSION_DESKTOP = ubuntu
# makefile (from 'Makefile', line 1)
MAKEFILE_LIST := Makefile
# makefile (from 'Makefile', line 74)
OBJ_MANDATORY_DIR = obj/mandatory 
# automatic
@F = $(notdir $@)
# environment
VSCODE_PID = 1268944
# environment
KRB5CCNAME = FILE:/tmp/krb5cc_101194_CtY4zz
# environment
XDG_SESSION_TYPE = x11
# automatic
?D = $(patsubst %/,%,$(dir $?))
# makefile (from 'Makefile', line 70)
INCLUDES = includes 
# environment
SESSION_MANAGER = local/c1r4s5.42london.com:@/tmp/.ICE-unix/1265941,unix/c1r4s5.42london.com:/tmp/.ICE-unix/1265941
# automatic
*F = $(notdir $*)
# environment
CHROME_DESKTOP = code-url-handler.desktop
# environment
DBUS_SESSION_BUS_ADDRESS = unix:path=/run/user/101194/bus
# automatic
<D = $(patsubst %/,%,$(dir $<))
# environment
VSCODE_NLS_CONFIG = {"locale":"en-us","osLocale":"en","availableLanguages":{},"_languagePackSupport":true}
# default
MAKE_HOST := x86_64-pc-linux-gnu
# environment
GNOME_DESKTOP_SESSION_ID = this-is-deprecated
# makefile
SHELL = /bin/sh
# default
MAKECMDGOALS := all
# environment
XMODIFIERS = @im=ibus
# makefile (from 'Makefile', line 121)
SRC_BONUS = $(wildcard $(SRC_BONUS_DIR)/*.c)
# environment
SHLVL = 3
# environment
GNOME_TERMINAL_SCREEN = /org/gnome/Terminal/screen/e69b84d5_f191_4c39_acab_083beb6c8378
# environment
MAKELEVEL := 0
# default
MAKE = $(MAKE_COMMAND)
# environment
PATH = /home/samoore/bin:/usr/local/sbin:/usr/local/bin:/usr/sbin:/usr/bin:/sbin:/bin:/usr/games:/usr/local/games:/snap/bin
# default
MAKEFILES := 
# environment
LANGUAGE = en
# automatic
^F = $(notdir $^)
# makefile (from 'Makefile', line 92)
OBJ_CORE = $(SRC_CORE:$(SRC_CORE_DIR)/%.c=$(OBJ_CORE_DIR)/%.o)
# makefile (from 'Makefile', line 69)
LIBFT_DIR = libft 
 
# makefile (from 'Makefile', line 40)
YELLOW = \033[0;33m
# makefile (from 'Makefile', line 107)
SRC_MANDATORY = $(wildcard $(SRC_MANDATORY_DIR)/*.c)
# makefile (from 'Makefile', line 124)
OBJ_BONUS = $(SRC_BONUS:$(SRC_BONUS_DIR)/%.c=$(OBJ_BONUS_DIR)/%.o)
# makefile (from 'Makefile', line 39)
GREEN = \033[0;32m
# environment
DOCKER_HOST = unix:///run/user/101194/docker.sock
# makefile (from 'Makefile', line 89)
SRC_CORE = $(wildcard $(SRC_CORE_DIR)/*.c)
# automatic
?F = $(notdir $?)
# makefile (from 'Makefile', line 49)
NAME = minishell
# environment
GTK_IM_MODULE = ibus
# environment
XDG_CURRENT_DESKTOP = Unity
# automatic
+F = $(notdir $+)
# environment
XDG_SEAT_PATH = /org/freedesktop/DisplayManager/Seat0
# environment
DESKTOP_SESSION = ubuntu
# environment
ORIGINAL_XDG_CURRENT_DESKTOP = ubuntu:GNOME
# 'override' directive
GNUMAKEFLAGS := 
# environment
LOGNAME = samoore
# makefile
.DEFAULT_GOAL := libft
# environment
SYSTEMD_EXEC_PID = 1265964
# makefile (from 'Makefile', line 41)
RED = \033[0;31m
# environment
DISPLAY = :0
# environment
USER = samoore
# environment
GTK_MODULES = gail:atk-bridge
# default
MAKE_VERSION := 4.3
# environment
_ = /usr/bin/code
# makefile (from 'Makefile', line 43)
RESET = \033[0m
# environment
XDG_RUNTIME_DIR = /run/user/101194
# makefile (from 'Makefile', line 56)
CFLAGS = -Wall -Wextra -Werror -g
# environment
GPG_AGENT_INFO = /run/user/101194/gnupg/S.gpg-agent:0:1
# environment
COLORTERM = truecolor
# environment
XDG_SESSION_CLASS = user
# environment
VSCODE_AMD_ENTRYPOINT = vs/workbench/api/node/extensionHostProcess
# environment
HOME = /home/samoore
# environment
QT_IM_MODULE = ibus
# environment
ELECTRON_RUN_AS_NODE = 1
# environment
VSCODE_IPC_HOOK = /run/user/101194/vscode-b09c1acb-1.87-main.sock
# environment
TERM = xterm-256color
# environment
FT_HOOK_PATHNAME = login-user.d
# makefile (from 'Makefile', line 76)
OBJ_BONUS_DIR = obj/bonus 
 
# default
.RECIPEPREFIX := 
# automatic
<F = $(notdir $<)
# default
SUFFIXES := 
# environment
VSCODE_CLI = 1
# environment
FT_HOOK_NAME = login-user
# environment
ELECTRON_NO_ATTACH_CONSOLE = 1
# environment
VTE_VERSION = 6800
# environment
XDG_GREETER_DATA_DIR = /var/lib/lightdm-data/samoore
# default
.FEATURES := target-specific order-only second-expansion else-if shortest-stem undefine oneshell nocomment grouped-target extra-prereqs archives jobserver output-sync check-symlink load
# makefile (from 'Makefile', line 55)
CC = cc
# environment
XDG_MENU_PREFIX = gnome-
# environment
GDMSESSION = ubuntu
# variable set hash-table stats:
# Load=125/1024=12%, Rehash=0, Collisions=21/194=11%

# Pattern-specific Variable Values

# No pattern-specific variable values.

# Directories

# / (device 64768, inode 2): 30 files, no impossibilities.
# . (device 2048, inode 4465973): 11 files, no impossibilities.

# 41 files, no impossibilities in 2 directories.

# Implicit Rules

# No implicit rules.

# Files

/%.o: src/bonus /%.c src/mandatory /%.c src/core /%.c
#  Implicit rule search has not been done.
#  Modification time never checked.
#  File has not been updated.
#  recipe to execute (from 'Makefile', line 128):
	mkdir -p $(OBJ_BONUS_DIR)
	$(CC) $(CFLAGS) -I$(INCLUDES) -c $< -o $@

/libft.a:
#  Implicit rule search has not been done.
#  Implicit/static pattern stem: ''
#  Modification time never checked.
#  File has been updated.
#  Failed to be updated.
# automatic
# @ := /libft.a
# automatic
 
# * := 
# automatic
# < := 
# automatic
# + := 
# automatic
# % := 
# automatic
# ^ := 
# automatic
# ? := 
# automatic
# | := 
# variable set hash-table stats:
# Load=8/32=25%, Rehash=0, Collisions=3/14=21%
#  recipe to execute (from 'Makefile', line 83):
	$(MAKE) -C $(LIBFT_DIR)

minishell: libft /libft.a libminishell.a src/mandatory
#  Implicit rule search has not been done.
#  File does not exist.
#  File has not been updated.
# variable set hash-table stats:
# Load=0/32=0%, Rehash=0, Collisions=0/6=0%
#  recipe to execute (from 'Makefile', line 144):
	$(CC) $(CFLAGS) -I$(INCLUDES) $(OBJ_MANDATORY) $(LIBFT) $(LIBMINISHELL) -o $(NAME)

# Not a target:
src/core:
#  Implicit rule search has not been done.
#  Modification time never checked.
#  File has not been updated.

# Not a target:
Makefile:
#  Implicit rule search has been done.
#  Last modified 2024-04-10 16:59:56.410505246
#  File has been updated.
#  Successfully updated.

# makefile (from 'Makefile', line 150)
bonus: CFLAGS += -DBONUS 
bonus: libft /libft.a libminishell.a src/bonus
#  Phony target (prerequisite of .PHONY).
#  Implicit rule search has not been done.
#  File does not exist.
#  File has not been updated.
# variable set hash-table stats:
# Load=1/32=3%, Rehash=0, Collisions=0/3=0%
#  recipe to execute (from 'Makefile', line 152):
	$(CC) $(CFLAGS) -I$(INCLUDES) $(OBJ_BONUS) $(LIBFT) $(LIBMINISHELL) -o $(NAME)
	@file $(YELLOW) $(NAME) $(RESET)
	@echo "$(GREEN)Bonus part of $(NAME) is ready!$(RESET)"
 

# Not a target:
src/mandatory:
#  Implicit rule search has not been done.
#  Modification time never checked.
#  File has not been updated.

clean:
#  Phony target (prerequisite of .PHONY).
#  Implicit rule search has not been done.
#  File does not exist.
#  File has not been updated.
#  recipe to execute (from 'Makefile', line 161):
	$(MAKE) -C $(LIBFT_DIR) clean
	rm -rf $(OBJ_CORE_DIR)
	rm -rf $(OBJ_MANDATORY_DIR)
	rm -rf $(OBJ_BONUS_DIR)

obj/core: src/core /%.c
#  Implicit rule search has not been done.
#  Modification time never checked.
#  File has not been updated.
#  recipe to execute (from 'Makefile', line 96):
	mkdir -p $(OBJ_CORE_DIR)
	$(CC) $(CFLAGS) -I$(INCLUDES) -c $< -o $@

re: fclean all
#  Phony target (prerequisite of .PHONY).
#  Implicit rule search has not been done.
#  File does not exist.
#  File has not been updated.

libminishell.a:
#  Implicit rule search has not been done.
#  Modification time never checked.
#  File has not been updated.
#  recipe to execute (from 'Makefile', line 101):
	ar rcs $@ $^

# Not a target:
.DEFAULT:
#  Implicit rule search has not been done.
#  Modification time never checked.
#  File has not been updated.

all: minishell
#  Phony target (prerequisite of .PHONY).
#  Command line target.
#  Implicit rule search has not been done.
#  File does not exist.
#  File has not been updated.
# variable set hash-table stats:
# Load=0/32=0%, Rehash=0, Collisions=0/6=0%
#  recipe to execute (from 'Makefile', line 136):
	@file $(YELLOW) $(NAME) $(RESET)
	@echo "$(GREEN)$(NAME) is ready!$(RESET)"

fclean: clean
#  Phony target (prerequisite of .PHONY).
#  Implicit rule search has not been done.
#  File does not exist.
#  File has not been updated.
#  recipe to execute (from 'Makefile', line 171):
	$(MAKE) -C $(LIBFT_DIR) fclean
	rm -f $(LIBMINISHELL)
	rm -f $(NAME)

# Not a target:
src/bonus:
#  Implicit rule search has not been done.
#  Modification time never checked.
#  File has not been updated.

libft:
#  Implicit rule search has not been done.
#  Last modified 2024-04-10 16:59:56.410505246
#  File has been updated.
#  Successfully updated.
#  recipe to execute (from 'Makefile', line 83):
 
	$(MAKE) -C $(LIBFT_DIR)

# Not a target:
.SUFFIXES:
#  Implicit rule search has not been done.
#  Modification time never checked.
#  File has not been updated.

.PHONY: all clean fclean re bonus
#  Implicit rule search has not been done.
#  Modification time never checked.
#  File has not been updated.

obj/mandatory: src/mandatory /%.c
#  Implicit rule search has not been done.
#  Modification time never checked.
#  File has not been updated.
#  recipe to execute (from 'Makefile', line 114):
	mkdir -p $(OBJ_MANDATORY_DIR)
	$(CC) $(CFLAGS) -I$(INCLUDES) -c $< -o $@

# Not a target:
/%.c:
#  Implicit rule search has not been done.
#  Modification time never checked.
#  File has not been updated.

obj/bonus: src/bonus /%.c
#  Implicit rule search has not been done.
#  Modification time never checked.
#  File has not been updated.
#  recipe to execute (from 'Makefile', line 128):
	mkdir -p $(OBJ_BONUS_DIR)
	$(CC) $(CFLAGS) -I$(INCLUDES) -c $< -o $@

# files hash-table stats:
# Load=21/1024=2%, Rehash=0, Collisions=1/62=2%
# VPATH Search Paths

# No 'vpath' search paths.

# No general ('VPATH' variable) search path.

# strcache buffers: 1 (0) / strings = 61 / storage = 431 B / avg = 7 B
# current buf: size = 8162 B / used = 431 B / count = 61 / avg = 7 B

# strcache performance: lookups = 109 / hit rate = 44%
# hash-table stats:
# Load=61/8192=1%, Rehash=0, Collisions=0/109=0%
# Finished Make data base on Wed Apr 10 17:01:52 2024

 
